Arguments: 
  C:\Program Files\nodejs\node.exe C:\Users\ROG\AppData\Roaming\npm\node_modules\yarn\bin\yarn.js add qrcode-terminal

PATH: 
  C:\Windows\system32;C:\Windows;C:\Windows\System32\Wbem;C:\Windows\System32\WindowsPowerShell\v1.0\;C:\Windows\System32\OpenSSH\;C:\Program Files (x86)\NVIDIA Corporation\PhysX\Common;C:\Program Files\NVIDIA Corporation\NVIDIA NvDLISR;C:\Program Files\Git\cmd;C:\xampp\php;C:\ProgramData\ComposerSetup\bin;C:\Program Files\Microsoft SQL Server\Client SDK\ODBC\170\Tools\Binn\;C:\Program Files (x86)\Microsoft SQL Server\150\Tools\Binn\;C:\Program Files\Microsoft SQL Server\150\Tools\Binn\;C:\Program Files\Microsoft SQL Server\150\DTS\Binn\;c:\Program Files (x86)\Microsoft SQL Server\100\Tools\Binn\;c:\Program Files\Microsoft SQL Server\100\Tools\Binn\;c:\Program Files\Microsoft SQL Server\100\DTS\Binn\;c:\Program Files (x86)\Microsoft SQL Server\100\Tools\Binn\VSShell\Common7\IDE\;c:\Program Files (x86)\Microsoft SQL Server\100\DTS\Binn\;C:\Program Files\nodejs\;C:\Program Files (x86)\Kapow Katalyst 9.6.2\bin;C:\Users\ROG\AppData\Local\Microsoft\WindowsApps;C:\Users\ROG\AppData\Local\Programs\Microsoft VS Code\bin;C:\Users\ROG\AppData\Roaming\Composer\vendor\bin;C:\Users\ROG\AppData\Local\Programs\Python\Python310;C:\Users\ROG\AppData\Local\Programs\Python\Python310\Scripts;C:\Users\ROG\AppData\Roaming\npm

Yarn version: 
  1.22.17

Node version: 
  16.17.0

Platform: 
  win32 x64

Trace: 
  Error: EBUSY: resource busy or locked, rmdir 'C:\wablast\node_modules\puppeteer'

npm manifest: 
  {
    "name": "wablast",
    "version": "1.0.0",
    "main": "app.js",
    "scripts": {
      "start": "node app.js"
    },
    "license": "MIT"
  }

yarn manifest: 
  No manifest

Lockfile: 
  No lockfile
